<?xml version="1.0" encoding="UTF-8"?>
<!-- Generated by org.testng.reporters.JUnitReportReporter -->
<testsuite hostname="DESKTOP-3HPBL23" name="Pack1.TestClass2" tests="2" failures="0" timestamp="4 Sep 2016 13:38:22 GMT" time="0.017" errors="0">
  <testcase name="TestClass2_Method1" time="0.012" classname="Pack1.TestClass2"/>
  <testcase name="TestClass2_Method2" time="0.005" classname="Pack1.TestClass2"/>
</testsuite> <!-- Pack1.TestClass2 -->
